2025/12/16 12:57:50 ╔═══════════════════════════════════════════════════════════╗
2025/12/16 12:57:50 ║    GoADS HTTP/WebSocket Middleware Server                ║
2025/12/16 12:57:50 ╚═══════════════════════════════════════════════════════════╝
2025/12/16 12:57:50 
2025/12/16 12:57:50 Starting server on 0.0.0.0:8080
2025/12/16 12:57:50 PLC Target: 10.10.0.3:48898
2025/12/16 12:57:50 API endpoints available at http://0.0.0.0:8080/api/v1
2025/12/16 12:57:59 [patrikpatocskai-MacBook-Air/1cXoybCQsF-000001] "GET http://localhost:8080/api/v1/version HTTP/1.1" from [::1]:59316 - 200 114B in 7.540584ms
2025/12/16 12:58:03 [patrikpatocskai-MacBook-Air/1cXoybCQsF-000002] "GET http://localhost:8080/swagger-ui/index.html HTTP/1.1" from [::1]:59326 - 200 3408B in 2.831375ms
2025/12/16 12:58:03 [patrikpatocskai-MacBook-Air/1cXoybCQsF-000003] "GET http://localhost:8080/swagger-ui/swagger-ui.css HTTP/1.1" from [::1]:59326 - 200 152072B in 16.822ms
2025/12/16 12:58:03 [patrikpatocskai-MacBook-Air/1cXoybCQsF-000004] "GET http://localhost:8080/swagger-ui/swagger-ui-standalone-preset.js HTTP/1.1" from [::1]:59328 - 200 230007B in 13.410875ms
2025/12/16 12:58:03 [patrikpatocskai-MacBook-Air/1cXoybCQsF-000005] "GET http://localhost:8080/swagger-ui/swagger-ui-bundle.js HTTP/1.1" from [::1]:59327 - 200 1426050B in 22.4245ms
2025/12/16 12:58:03 [patrikpatocskai-MacBook-Air/1cXoybCQsF-000006] "GET http://localhost:8080/swagger-ui/doc.json HTTP/1.1" from [::1]:59327 - 200 28066B in 5.373083ms
2025/12/16 12:58:04 [patrikpatocskai-MacBook-Air/1cXoybCQsF-000007] "GET http://localhost:8080/swagger-ui/favicon-32x32.png HTTP/1.1" from [::1]:59327 - 200 628B in 2.346417ms
2025/12/16 12:58:10 [patrikpatocskai-MacBook-Air/1cXoybCQsF-000008] "GET http://localhost:8080/api/v1/version HTTP/1.1" from [::1]:59327 - 200 114B in 13.457417ms
2025/12/16 12:58:25 [patrikpatocskai-MacBook-Air/1cXoybCQsF-000009] "GET http://localhost:8080/api/v1/symbols HTTP/1.1" from [::1]:59327 - 200 2563B in 14.17475ms
2025/12/16 12:59:53 [patrikpatocskai-MacBook-Air/1cXoybCQsF-000010] "GET http://localhost:8080/api/v1/symbols/TwinCAT_SystemInfoVarList.__PlcTask/value HTTP/1.1" from [::1]:59352 - 200 671B in 26.536542ms
2025/12/16 13:00:20 [patrikpatocskai-MacBook-Air/1cXoybCQsF-000011] "GET http://localhost:8080/api/v1/symbols/TwinCAT_SystemInfoVarList.__PlcTask HTTP/1.1" from [::1]:59352 - 200 129B in 431.083µs
2025/12/16 13:00:46 [patrikpatocskai-MacBook-Air/1cXoybCQsF-000012] "GET http://localhost:8080/api/v1/symbols/TwinCAT_SystemInfoVarList._TaskInfo/value HTTP/1.1" from [::1]:59352 - 200 358B in 17.169334ms
2025/12/16 13:01:13 [patrikpatocskai-MacBook-Air/1cXoybCQsF-000013] "GET http://localhost:8080/api/v1/state HTTP/1.1" from [::1]:59352 - 200 71B in 14.471917ms
2025/12/16 13:04:38 [patrikpatocskai-MacBook-Air/1cXoybCQsF-000014] "GET http://localhost:8080/api/v1/version HTTP/1.1" from [::1]:59454 - 200 114B in 16.994958ms
2025/12/16 13:04:49 [patrikpatocskai-MacBook-Air/1cXoybCQsF-000015] "GET http://localhost:8080/api/v1/health HTTP/1.1" from [::1]:59459 - 200 80B in 3.191791ms
2025/12/16 13:19:14 [patrikpatocskai-MacBook-Air/1cXoybCQsF-000016] "GET http://localhost:8080/api/v1/health HTTP/1.1" from [::1]:59655 - 200 80B in 6.877917ms
2025/12/16 13:19:28 [patrikpatocskai-MacBook-Air/1cXoybCQsF-000017] "GET http://localhost:8080/api/v1/health HTTP/1.1" from [::1]:59664 - 200 79B in 349.416µs
2025/12/16 13:19:34 [patrikpatocskai-MacBook-Air/1cXoybCQsF-000018] "GET http://localhost:8080/api/v1/health HTTP/1.1" from [::1]:59667 - 200 80B in 571.625µs
2025/12/16 13:19:40 [patrikpatocskai-MacBook-Air/1cXoybCQsF-000019] "GET http://localhost:8080/api/v1/health HTTP/1.1" from [::1]:59674 - 200 80B in 105.916µs
2025/12/16 13:20:15 [patrikpatocskai-MacBook-Air/1cXoybCQsF-000020] "GET http://localhost:8080/api/v1/health HTTP/1.1" from [::1]:59695 - 200 80B in 671.666µs
2025/12/16 13:20:20 [patrikpatocskai-MacBook-Air/1cXoybCQsF-000021] "GET http://localhost:8080/api/v1/health HTTP/1.1" from [::1]:59699 - 200 80B in 33.5µs
2025/12/16 13:20:30 [patrikpatocskai-MacBook-Air/1cXoybCQsF-000022] "GET http://localhost:8080/api/v1/health HTTP/1.1" from [::1]:59703 - 200 80B in 631.666µs
2025/12/16 13:21:02 [patrikpatocskai-MacBook-Air/1cXoybCQsF-000023] "GET http://localhost:8080/api/v1/health HTTP/1.1" from [::1]:59726 - 200 80B in 456.334µs
2025/12/16 13:21:20 [patrikpatocskai-MacBook-Air/1cXoybCQsF-000024] "GET http://localhost:8080/api/v1/health HTTP/1.1" from [::1]:59740 - 200 80B in 78.958µs
2025/12/16 13:21:34 [patrikpatocskai-MacBook-Air/1cXoybCQsF-000025] "GET http://localhost:8080/api/v1/health HTTP/1.1" from [::1]:59747 - 200 80B in 100.75µs
2025/12/16 13:21:34 [patrikpatocskai-MacBook-Air/1cXoybCQsF-000026] "GET http://localhost:8080/api/v1/info HTTP/1.1" from [::1]:59748 - 200 177B in 4.509542ms
2025/12/16 13:21:34 [patrikpatocskai-MacBook-Air/1cXoybCQsF-000027] "GET http://localhost:8080/api/v1/version HTTP/1.1" from [::1]:59749 - 200 114B in 7.380542ms
2025/12/16 13:21:34 [patrikpatocskai-MacBook-Air/1cXoybCQsF-000028] "GET http://localhost:8080/api/v1/state HTTP/1.1" from [::1]:59750 - 200 71B in 5.877791ms
2025/12/16 13:21:34 [patrikpatocskai-MacBook-Air/1cXoybCQsF-000029] "GET http://localhost:8080/api/v1/symbols HTTP/1.1" from [::1]:59751 - 200 2563B in 1.646583ms
2025/12/16 13:21:34 [patrikpatocskai-MacBook-Air/1cXoybCQsF-000030] "GET http://localhost:8080/api/v1/symbols/MAIN.structExample HTTP/1.1" from [::1]:59752 - 200 98B in 37.5µs
2025/12/16 13:21:34 [patrikpatocskai-MacBook-Air/1cXoybCQsF-000031] "GET http://localhost:8080/api/v1/symbols/MAIN.i/value HTTP/1.1" from [::1]:59753 - 200 64B in 5.932625ms
2025/12/16 13:21:34 [patrikpatocskai-MacBook-Air/1cXoybCQsF-000032] "GET http://localhost:8080/api/v1/symbols/MAIN.uUint/value HTTP/1.1" from [::1]:59754 - 200 68B in 4.781375ms
2025/12/16 13:21:34 [patrikpatocskai-MacBook-Air/1cXoybCQsF-000033] "GET http://localhost:8080/api/v1/symbols/MAIN.structExample/value HTTP/1.1" from [::1]:59755 - 200 133B in 16.272084ms
2025/12/16 13:21:34 [patrikpatocskai-MacBook-Air/1cXoybCQsF-000034] "GET http://localhost:8080/api/v1/symbols/MAIN.structExample2/value HTTP/1.1" from [::1]:59756 - 200 166B in 17.509333ms
2025/12/16 13:21:34 [patrikpatocskai-MacBook-Air/1cXoybCQsF-000035] "POST http://localhost:8080/api/v1/symbols/read HTTP/1.1" from [::1]:59757 - 200 88B in 27.719209ms
2025/12/16 13:21:34 [patrikpatocskai-MacBook-Air/1cXoybCQsF-000036] "POST http://localhost:8080/api/v1/symbols/read HTTP/1.1" from [::1]:59758 - 200 172B in 14.629958ms
2025/12/16 13:21:34 [patrikpatocskai-MacBook-Air/1cXoybCQsF-000037] "GET http://localhost:8080/api/v1/structs/MAIN.structExample HTTP/1.1" from [::1]:59759 - 200 133B in 6.333375ms
2025/12/16 13:21:34 [patrikpatocskai-MacBook-Air/1cXoybCQsF-000038] "GET http://localhost:8080/api/v1/structs/MAIN.structExample2 HTTP/1.1" from [::1]:59760 - 200 166B in 6.774541ms
2025/12/16 13:21:34 [patrikpatocskai-MacBook-Air/1cXoybCQsF-000039] "GET http://localhost:8080/api/v1/symbols/MAIN.iInt/value HTTP/1.1" from [::1]:59761 - 200 63B in 5.235291ms
2025/12/16 13:21:34 [patrikpatocskai-MacBook-Air/1cXoybCQsF-000040] "POST http://localhost:8080/api/v1/structs/MAIN.structExample/fields HTTP/1.1" from [::1]:59762 - 200 36B in 12.790541ms
2025/12/16 13:21:42 [patrikpatocskai-MacBook-Air/1cXoybCQsF-000041] "GET http://localhost:8080/api/v1/health HTTP/1.1" from [::1]:59767 - 200 80B in 607.5µs
2025/12/16 13:21:42 [patrikpatocskai-MacBook-Air/1cXoybCQsF-000042] "GET http://localhost:8080/api/v1/info HTTP/1.1" from [::1]:59768 - 200 177B in 42.667µs
2025/12/16 13:21:42 [patrikpatocskai-MacBook-Air/1cXoybCQsF-000043] "GET http://localhost:8080/api/v1/version HTTP/1.1" from [::1]:59769 - 200 114B in 10.0995ms
2025/12/16 13:21:42 [patrikpatocskai-MacBook-Air/1cXoybCQsF-000044] "GET http://localhost:8080/api/v1/state HTTP/1.1" from [::1]:59770 - 200 71B in 6.047167ms
2025/12/16 13:21:42 [patrikpatocskai-MacBook-Air/1cXoybCQsF-000045] "GET http://localhost:8080/api/v1/symbols HTTP/1.1" from [::1]:59771 - 200 2563B in 513.417µs
2025/12/16 13:21:42 [patrikpatocskai-MacBook-Air/1cXoybCQsF-000046] "GET http://localhost:8080/api/v1/symbols/MAIN.structExample HTTP/1.1" from [::1]:59772 - 200 98B in 49.708µs
2025/12/16 13:21:42 [patrikpatocskai-MacBook-Air/1cXoybCQsF-000047] "GET http://localhost:8080/api/v1/symbols/MAIN.i/value HTTP/1.1" from [::1]:59773 - 200 64B in 5.172833ms
2025/12/16 13:21:42 [patrikpatocskai-MacBook-Air/1cXoybCQsF-000048] "GET http://localhost:8080/api/v1/symbols/MAIN.uUint/value HTTP/1.1" from [::1]:59774 - 200 68B in 5.005208ms
2025/12/16 13:21:42 [patrikpatocskai-MacBook-Air/1cXoybCQsF-000049] "GET http://localhost:8080/api/v1/symbols/MAIN.structExample/value HTTP/1.1" from [::1]:59775 - 200 132B in 5.647542ms
2025/12/16 13:21:42 [patrikpatocskai-MacBook-Air/1cXoybCQsF-000050] "GET http://localhost:8080/api/v1/symbols/MAIN.structExample2/value HTTP/1.1" from [::1]:59776 - 200 166B in 7.245417ms
2025/12/16 13:21:42 [patrikpatocskai-MacBook-Air/1cXoybCQsF-000051] "POST http://localhost:8080/api/v1/symbols/read HTTP/1.1" from [::1]:59777 - 200 88B in 25.013125ms
2025/12/16 13:21:42 [patrikpatocskai-MacBook-Air/1cXoybCQsF-000052] "POST http://localhost:8080/api/v1/symbols/read HTTP/1.1" from [::1]:59778 - 200 172B in 12.446917ms
2025/12/16 13:21:42 [patrikpatocskai-MacBook-Air/1cXoybCQsF-000053] "GET http://localhost:8080/api/v1/structs/MAIN.structExample HTTP/1.1" from [::1]:59779 - 200 132B in 6.098167ms
2025/12/16 13:21:42 [patrikpatocskai-MacBook-Air/1cXoybCQsF-000054] "GET http://localhost:8080/api/v1/structs/MAIN.structExample2 HTTP/1.1" from [::1]:59780 - 200 166B in 4.807ms
2025/12/16 13:21:42 [patrikpatocskai-MacBook-Air/1cXoybCQsF-000055] "GET http://localhost:8080/api/v1/symbols/MAIN.iInt/value HTTP/1.1" from [::1]:59781 - 200 63B in 5.329291ms
2025/12/16 13:21:42 [patrikpatocskai-MacBook-Air/1cXoybCQsF-000056] "POST http://localhost:8080/api/v1/structs/MAIN.structExample/fields HTTP/1.1" from [::1]:59782 - 200 36B in 13.610375ms
2025/12/16 13:21:43 [patrikpatocskai-MacBook-Air/1cXoybCQsF-000057] "GET http://localhost:8080/api/v1/symbols/MAIN.structExample/value HTTP/1.1" from [::1]:59784 - 200 132B in 5.596416ms
2025/12/16 13:21:43 [patrikpatocskai-MacBook-Air/1cXoybCQsF-000058] "POST http://localhost:8080/api/v1/structs/MAIN.structExample2/fields HTTP/1.1" from [::1]:59785 - 500 224B in 6.4195ms
2025/12/16 13:21:43 [patrikpatocskai-MacBook-Air/1cXoybCQsF-000059] "POST http://localhost:8080/api/v1/symbols/write HTTP/1.1" from [::1]:59786 - 200 328B in 348.667µs
2025/12/16 13:21:43 [patrikpatocskai-MacBook-Air/1cXoybCQsF-000060] "POST http://localhost:8080/api/v1/symbols/read HTTP/1.1" from [::1]:59787 - 200 58B in 16.381042ms
2025/12/16 13:21:43 [patrikpatocskai-MacBook-Air/1cXoybCQsF-000061] "GET http://localhost:8080/api/v1/state HTTP/1.1" from [::1]:59788 - 200 71B in 6.318ms
2025/12/16 13:21:44 [patrikpatocskai-MacBook-Air/1cXoybCQsF-000062] "POST http://localhost:8080/api/v1/control HTTP/1.1" from [::1]:59789 - 200 34B in 5.037833ms
2025/12/16 13:21:45 [patrikpatocskai-MacBook-Air/1cXoybCQsF-000063] "GET http://localhost:8080/api/v1/state HTTP/1.1" from [::1]:59790 - 200 72B in 11.779958ms
2025/12/16 13:21:45 [patrikpatocskai-MacBook-Air/1cXoybCQsF-000064] "POST http://localhost:8080/api/v1/control HTTP/1.1" from [::1]:59791 - 200 35B in 4.805791ms
2025/12/16 13:21:46 [patrikpatocskai-MacBook-Air/1cXoybCQsF-000065] "GET http://localhost:8080/api/v1/state HTTP/1.1" from [::1]:59793 - 200 71B in 5.617709ms
2025/12/16 13:21:46 [patrikpatocskai-MacBook-Air/1cXoybCQsF-000066] "POST http://localhost:8080/api/v1/control HTTP/1.1" from [::1]:59794 - 500 105B in 57.167µs
2025/12/16 13:21:46 [patrikpatocskai-MacBook-Air/1cXoybCQsF-000067] "GET http://localhost:8080/api/v1/symbols/MAIN.DOES_NOT_EXIST/value HTTP/1.1" from [::1]:59795 - 404 117B in 35µs
2025/12/16 13:21:46 [patrikpatocskai-MacBook-Air/1cXoybCQsF-000068] "POST http://localhost:8080/api/v1/symbols/MAIN.i/value HTTP/1.1" from [::1]:59796 - 400 67B in 796.875µs
2025/12/16 13:21:46 [patrikpatocskai-MacBook-Air/1cXoybCQsF-000069] "POST http://localhost:8080/api/v1/symbols/read HTTP/1.1" from [::1]:59797 - 400 130B in 71.792µs
2025/12/16 13:21:46 [patrikpatocskai-MacBook-Air/1cXoybCQsF-000070] "GET http://localhost:8080/api/v1/symbols/MAIN.structExample2/value HTTP/1.1" from [::1]:59798 - 200 166B in 6.248542ms
2025/12/16 13:21:46 [patrikpatocskai-MacBook-Air/1cXoybCQsF-000071] "POST http://localhost:8080/api/v1/structs/MAIN.structExample2/fields HTTP/1.1" from [::1]:59799 - 500 224B in 5.434209ms
2025/12/16 13:21:46 [patrikpatocskai-MacBook-Air/1cXoybCQsF-000072] "GET http://localhost:8080/swagger-ui/doc.json HTTP/1.1" from [::1]:59800 - 200 28066B in 4.200292ms
2025/12/16 13:21:46 [patrikpatocskai-MacBook-Air/1cXoybCQsF-000073] "GET http://localhost:8080/swagger-ui/index.html HTTP/1.1" from [::1]:59801 - 200 3408B in 1.47525ms
2025/12/16 13:22:17 [patrikpatocskai-MacBook-Air/1cXoybCQsF-000074] "GET http://localhost:8080/api/v1/health HTTP/1.1" from [::1]:59820 - 200 80B in 156.5µs
2025/12/16 13:22:17 [patrikpatocskai-MacBook-Air/1cXoybCQsF-000075] "GET http://localhost:8080/api/v1/info HTTP/1.1" from [::1]:59821 - 200 177B in 891.833µs
2025/12/16 13:22:17 [patrikpatocskai-MacBook-Air/1cXoybCQsF-000076] "GET http://localhost:8080/api/v1/version HTTP/1.1" from [::1]:59822 - 200 114B in 6.510333ms
2025/12/16 13:22:17 [patrikpatocskai-MacBook-Air/1cXoybCQsF-000077] "GET http://localhost:8080/api/v1/state HTTP/1.1" from [::1]:59823 - 200 71B in 6.398375ms
2025/12/16 13:22:17 [patrikpatocskai-MacBook-Air/1cXoybCQsF-000078] "GET http://localhost:8080/api/v1/symbols HTTP/1.1" from [::1]:59824 - 200 2563B in 2.961833ms
2025/12/16 13:22:17 [patrikpatocskai-MacBook-Air/1cXoybCQsF-000079] "GET http://localhost:8080/api/v1/symbols/MAIN.structExample HTTP/1.1" from [::1]:59825 - 200 98B in 28.542µs
2025/12/16 13:22:17 [patrikpatocskai-MacBook-Air/1cXoybCQsF-000080] "GET http://localhost:8080/api/v1/symbols/MAIN.i/value HTTP/1.1" from [::1]:59826 - 200 65B in 6.171791ms
2025/12/16 13:22:17 [patrikpatocskai-MacBook-Air/1cXoybCQsF-000081] "GET http://localhost:8080/api/v1/symbols/MAIN.uUint/value HTTP/1.1" from [::1]:59827 - 200 68B in 5.458208ms
2025/12/16 13:22:17 [patrikpatocskai-MacBook-Air/1cXoybCQsF-000082] "GET http://localhost:8080/api/v1/symbols/MAIN.structExample/value HTTP/1.1" from [::1]:59828 - 200 132B in 6.1005ms
2025/12/16 13:22:17 [patrikpatocskai-MacBook-Air/1cXoybCQsF-000083] "GET http://localhost:8080/api/v1/symbols/MAIN.structExample2/value HTTP/1.1" from [::1]:59829 - 200 166B in 7.791167ms
2025/12/16 13:22:17 [patrikpatocskai-MacBook-Air/1cXoybCQsF-000084] "POST http://localhost:8080/api/v1/symbols/read HTTP/1.1" from [::1]:59830 - 200 89B in 23.319125ms
2025/12/16 13:22:17 [patrikpatocskai-MacBook-Air/1cXoybCQsF-000085] "POST http://localhost:8080/api/v1/symbols/read HTTP/1.1" from [::1]:59831 - 200 173B in 12.0405ms
2025/12/16 13:22:17 [patrikpatocskai-MacBook-Air/1cXoybCQsF-000086] "GET http://localhost:8080/api/v1/structs/MAIN.structExample HTTP/1.1" from [::1]:59832 - 200 132B in 6.373125ms
2025/12/16 13:22:17 [patrikpatocskai-MacBook-Air/1cXoybCQsF-000087] "GET http://localhost:8080/api/v1/structs/MAIN.structExample2 HTTP/1.1" from [::1]:59833 - 200 166B in 4.165ms
2025/12/16 13:22:17 [patrikpatocskai-MacBook-Air/1cXoybCQsF-000088] "GET http://localhost:8080/api/v1/symbols/MAIN.iInt/value HTTP/1.1" from [::1]:59834 - 200 63B in 5.2145ms
2025/12/16 13:22:17 [patrikpatocskai-MacBook-Air/1cXoybCQsF-000089] "POST http://localhost:8080/api/v1/structs/MAIN.structExample/fields HTTP/1.1" from [::1]:59835 - 200 36B in 12.485792ms
2025/12/16 13:22:18 [patrikpatocskai-MacBook-Air/1cXoybCQsF-000090] "GET http://localhost:8080/api/v1/symbols/MAIN.structExample/value HTTP/1.1" from [::1]:59836 - 200 132B in 6.635083ms
2025/12/16 13:22:18 [patrikpatocskai-MacBook-Air/1cXoybCQsF-000091] "POST http://localhost:8080/api/v1/structs/MAIN.structExample2/fields HTTP/1.1" from [::1]:59837 - 200 36B in 14.677917ms
2025/12/16 13:22:19 [patrikpatocskai-MacBook-Air/1cXoybCQsF-000092] "GET http://localhost:8080/api/v1/symbols/MAIN.structExample2/value HTTP/1.1" from [::1]:59838 - 200 163B in 8.808417ms
2025/12/16 13:22:19 [patrikpatocskai-MacBook-Air/1cXoybCQsF-000093] "POST http://localhost:8080/api/v1/symbols/write HTTP/1.1" from [::1]:59839 - 200 319B in 832.417µs
2025/12/16 13:22:19 [patrikpatocskai-MacBook-Air/1cXoybCQsF-000094] "POST http://localhost:8080/api/v1/symbols/read HTTP/1.1" from [::1]:59840 - 200 60B in 17.515458ms
2025/12/16 13:22:19 [patrikpatocskai-MacBook-Air/1cXoybCQsF-000095] "GET http://localhost:8080/api/v1/state HTTP/1.1" from [::1]:59841 - 200 71B in 5.785542ms
2025/12/16 13:22:19 [patrikpatocskai-MacBook-Air/1cXoybCQsF-000096] "POST http://localhost:8080/api/v1/control HTTP/1.1" from [::1]:59842 - 200 34B in 5.355166ms
2025/12/16 13:22:20 [patrikpatocskai-MacBook-Air/1cXoybCQsF-000097] "GET http://localhost:8080/api/v1/state HTTP/1.1" from [::1]:59843 - 200 72B in 12.933875ms
2025/12/16 13:22:20 [patrikpatocskai-MacBook-Air/1cXoybCQsF-000098] "POST http://localhost:8080/api/v1/control HTTP/1.1" from [::1]:59844 - 200 35B in 6.426042ms
2025/12/16 13:22:21 [patrikpatocskai-MacBook-Air/1cXoybCQsF-000099] "GET http://localhost:8080/api/v1/state HTTP/1.1" from [::1]:59846 - 200 71B in 11.512166ms
2025/12/16 13:22:21 [patrikpatocskai-MacBook-Air/1cXoybCQsF-000100] "POST http://localhost:8080/api/v1/control HTTP/1.1" from [::1]:59847 - 500 105B in 61.833µs
2025/12/16 13:22:21 [patrikpatocskai-MacBook-Air/1cXoybCQsF-000101] "GET http://localhost:8080/api/v1/symbols/MAIN.DOES_NOT_EXIST/value HTTP/1.1" from [::1]:59848 - 404 117B in 46.375µs
2025/12/16 13:22:21 [patrikpatocskai-MacBook-Air/1cXoybCQsF-000102] "POST http://localhost:8080/api/v1/symbols/MAIN.i/value HTTP/1.1" from [::1]:59849 - 400 67B in 989.833µs
2025/12/16 13:22:21 [patrikpatocskai-MacBook-Air/1cXoybCQsF-000103] "POST http://localhost:8080/api/v1/symbols/read HTTP/1.1" from [::1]:59850 - 400 130B in 79.166µs
2025/12/16 13:22:21 [patrikpatocskai-MacBook-Air/1cXoybCQsF-000104] "GET http://localhost:8080/api/v1/symbols/MAIN.structExample2/value HTTP/1.1" from [::1]:59851 - 200 163B in 5.279458ms
2025/12/16 13:22:21 [patrikpatocskai-MacBook-Air/1cXoybCQsF-000105] "POST http://localhost:8080/api/v1/structs/MAIN.structExample2/fields HTTP/1.1" from [::1]:59852 - 200 36B in 13.748667ms
2025/12/16 13:22:22 [patrikpatocskai-MacBook-Air/1cXoybCQsF-000106] "GET http://localhost:8080/api/v1/symbols/MAIN.structExample2/value HTTP/1.1" from [::1]:59853 - 200 163B in 5.419666ms
2025/12/16 13:22:22 [patrikpatocskai-MacBook-Air/1cXoybCQsF-000107] "GET http://localhost:8080/swagger-ui/doc.json HTTP/1.1" from [::1]:59854 - 200 28066B in 4.521875ms
2025/12/16 13:22:22 [patrikpatocskai-MacBook-Air/1cXoybCQsF-000108] "GET http://localhost:8080/swagger-ui/index.html HTTP/1.1" from [::1]:59855 - 200 3408B in 1.209833ms
2025/12/16 13:23:39 [patrikpatocskai-MacBook-Air/1cXoybCQsF-000109] "GET http://localhost:8080/api/v1/health HTTP/1.1" from [::1]:59895 - 200 79B in 161.042µs
2025/12/16 13:23:39 [patrikpatocskai-MacBook-Air/1cXoybCQsF-000110] "GET http://localhost:8080/api/v1/info HTTP/1.1" from [::1]:59896 - 200 176B in 79.959µs
2025/12/16 13:23:39 [patrikpatocskai-MacBook-Air/1cXoybCQsF-000111] "GET http://localhost:8080/api/v1/version HTTP/1.1" from [::1]:59897 - 200 114B in 6.2295ms
2025/12/16 13:23:39 [patrikpatocskai-MacBook-Air/1cXoybCQsF-000112] "GET http://localhost:8080/api/v1/state HTTP/1.1" from [::1]:59898 - 200 71B in 5.16375ms
2025/12/16 13:23:39 [patrikpatocskai-MacBook-Air/1cXoybCQsF-000113] "GET http://localhost:8080/api/v1/symbols HTTP/1.1" from [::1]:59899 - 200 2563B in 107.958µs
2025/12/16 13:23:39 [patrikpatocskai-MacBook-Air/1cXoybCQsF-000114] "GET http://localhost:8080/api/v1/symbols/MAIN.structExample HTTP/1.1" from [::1]:59900 - 200 98B in 30.5µs
2025/12/16 13:23:39 [patrikpatocskai-MacBook-Air/1cXoybCQsF-000115] "GET http://localhost:8080/api/v1/symbols/MAIN.i/value HTTP/1.1" from [::1]:59901 - 200 65B in 4.2205ms
2025/12/16 13:23:39 [patrikpatocskai-MacBook-Air/1cXoybCQsF-000116] "GET http://localhost:8080/api/v1/symbols/MAIN.uUint/value HTTP/1.1" from [::1]:59902 - 200 68B in 6.436916ms
2025/12/16 13:23:39 [patrikpatocskai-MacBook-Air/1cXoybCQsF-000117] "GET http://localhost:8080/api/v1/symbols/MAIN.structExample/value HTTP/1.1" from [::1]:59903 - 200 132B in 6.604375ms
2025/12/16 13:23:39 [patrikpatocskai-MacBook-Air/1cXoybCQsF-000118] "GET http://localhost:8080/api/v1/symbols/MAIN.structExample2/value HTTP/1.1" from [::1]:59904 - 200 165B in 7.353ms
2025/12/16 13:23:39 [patrikpatocskai-MacBook-Air/1cXoybCQsF-000119] "POST http://localhost:8080/api/v1/symbols/read HTTP/1.1" from [::1]:59905 - 200 89B in 26.823417ms
2025/12/16 13:23:39 [patrikpatocskai-MacBook-Air/1cXoybCQsF-000120] "POST http://localhost:8080/api/v1/symbols/read HTTP/1.1" from [::1]:59906 - 200 173B in 11.66075ms
2025/12/16 13:23:39 [patrikpatocskai-MacBook-Air/1cXoybCQsF-000121] "GET http://localhost:8080/api/v1/structs/MAIN.structExample HTTP/1.1" from [::1]:59907 - 200 132B in 6.536792ms
2025/12/16 13:23:39 [patrikpatocskai-MacBook-Air/1cXoybCQsF-000122] "GET http://localhost:8080/api/v1/structs/MAIN.structExample2 HTTP/1.1" from [::1]:59908 - 200 165B in 5.902583ms
2025/12/16 13:23:39 [patrikpatocskai-MacBook-Air/1cXoybCQsF-000123] "GET http://localhost:8080/api/v1/symbols/MAIN.iInt/value HTTP/1.1" from [::1]:59909 - 200 63B in 6.48475ms
2025/12/16 13:23:39 [patrikpatocskai-MacBook-Air/1cXoybCQsF-000124] "POST http://localhost:8080/api/v1/structs/MAIN.structExample/fields HTTP/1.1" from [::1]:59910 - 200 36B in 13.916208ms
2025/12/16 13:23:40 [patrikpatocskai-MacBook-Air/1cXoybCQsF-000125] "GET http://localhost:8080/api/v1/symbols/MAIN.structExample/value HTTP/1.1" from [::1]:59911 - 200 132B in 5.501042ms
2025/12/16 13:23:40 [patrikpatocskai-MacBook-Air/1cXoybCQsF-000126] "POST http://localhost:8080/api/v1/structs/MAIN.structExample2/fields HTTP/1.1" from [::1]:59912 - 200 36B in 13.45375ms
2025/12/16 13:23:40 [patrikpatocskai-MacBook-Air/1cXoybCQsF-000127] "GET http://localhost:8080/api/v1/symbols/MAIN.structExample2/value HTTP/1.1" from [::1]:59913 - 200 163B in 11.547041ms
2025/12/16 13:23:40 [patrikpatocskai-MacBook-Air/1cXoybCQsF-000128] "POST http://localhost:8080/api/v1/symbols/write HTTP/1.1" from [::1]:59914 - 200 319B in 909.916µs
2025/12/16 13:23:41 [patrikpatocskai-MacBook-Air/1cXoybCQsF-000129] "POST http://localhost:8080/api/v1/symbols/read HTTP/1.1" from [::1]:59915 - 200 60B in 17.179167ms
2025/12/16 13:23:41 [patrikpatocskai-MacBook-Air/1cXoybCQsF-000130] "GET http://localhost:8080/api/v1/state HTTP/1.1" from [::1]:59916 - 200 71B in 6.602041ms
2025/12/16 13:23:41 [patrikpatocskai-MacBook-Air/1cXoybCQsF-000131] "POST http://localhost:8080/api/v1/control HTTP/1.1" from [::1]:59917 - 200 34B in 5.7495ms
2025/12/16 13:23:42 [patrikpatocskai-MacBook-Air/1cXoybCQsF-000132] "GET http://localhost:8080/api/v1/state HTTP/1.1" from [::1]:59918 - 200 72B in 11.114833ms
2025/12/16 13:23:42 [patrikpatocskai-MacBook-Air/1cXoybCQsF-000133] "POST http://localhost:8080/api/v1/control HTTP/1.1" from [::1]:59919 - 200 35B in 5.805958ms
2025/12/16 13:23:43 [patrikpatocskai-MacBook-Air/1cXoybCQsF-000134] "GET http://localhost:8080/api/v1/state HTTP/1.1" from [::1]:59921 - 200 71B in 5.24625ms
2025/12/16 13:23:43 [patrikpatocskai-MacBook-Air/1cXoybCQsF-000135] "POST http://localhost:8080/api/v1/control HTTP/1.1" from [::1]:59922 - 500 105B in 123.625µs
2025/12/16 13:23:43 [patrikpatocskai-MacBook-Air/1cXoybCQsF-000136] "GET http://localhost:8080/api/v1/symbols/MAIN.DOES_NOT_EXIST/value HTTP/1.1" from [::1]:59923 - 404 117B in 38.125µs
2025/12/16 13:23:43 [patrikpatocskai-MacBook-Air/1cXoybCQsF-000137] "POST http://localhost:8080/api/v1/symbols/MAIN.i/value HTTP/1.1" from [::1]:59924 - 400 67B in 310.625µs
2025/12/16 13:23:43 [patrikpatocskai-MacBook-Air/1cXoybCQsF-000138] "POST http://localhost:8080/api/v1/symbols/read HTTP/1.1" from [::1]:59925 - 400 130B in 95.959µs
2025/12/16 13:23:43 [patrikpatocskai-MacBook-Air/1cXoybCQsF-000139] "GET http://localhost:8080/api/v1/symbols/MAIN.structExample2/value HTTP/1.1" from [::1]:59926 - 200 163B in 4.01175ms
2025/12/16 13:23:43 [patrikpatocskai-MacBook-Air/1cXoybCQsF-000140] "POST http://localhost:8080/api/v1/structs/MAIN.structExample2/fields HTTP/1.1" from [::1]:59927 - 200 36B in 11.227791ms
2025/12/16 13:23:44 [patrikpatocskai-MacBook-Air/1cXoybCQsF-000141] "GET http://localhost:8080/api/v1/symbols/MAIN.structExample2/value HTTP/1.1" from [::1]:59928 - 200 163B in 5.309791ms
2025/12/16 13:23:44 [patrikpatocskai-MacBook-Air/1cXoybCQsF-000142] "GET http://localhost:8080/swagger-ui/doc.json HTTP/1.1" from [::1]:59929 - 200 28066B in 6.733166ms
2025/12/16 13:23:44 [patrikpatocskai-MacBook-Air/1cXoybCQsF-000143] "GET http://localhost:8080/swagger-ui/index.html HTTP/1.1" from [::1]:59930 - 200 3408B in 1.1855ms
2025/12/16 13:23:57 [patrikpatocskai-MacBook-Air/1cXoybCQsF-000144] "GET http://localhost:8080/api/v1/health HTTP/1.1" from [::1]:59938 - 200 80B in 98.959µs
2025/12/16 13:23:57 [patrikpatocskai-MacBook-Air/1cXoybCQsF-000145] "GET http://localhost:8080/api/v1/info HTTP/1.1" from [::1]:59939 - 200 176B in 57.417µs
2025/12/16 13:23:57 [patrikpatocskai-MacBook-Air/1cXoybCQsF-000146] "GET http://localhost:8080/api/v1/version HTTP/1.1" from [::1]:59940 - 200 114B in 6.21275ms
2025/12/16 13:23:57 [patrikpatocskai-MacBook-Air/1cXoybCQsF-000147] "GET http://localhost:8080/api/v1/state HTTP/1.1" from [::1]:59941 - 200 71B in 6.183708ms
2025/12/16 13:23:57 [patrikpatocskai-MacBook-Air/1cXoybCQsF-000148] "GET http://localhost:8080/api/v1/symbols HTTP/1.1" from [::1]:59942 - 200 2563B in 86.417µs
2025/12/16 13:23:57 [patrikpatocskai-MacBook-Air/1cXoybCQsF-000149] "GET http://localhost:8080/api/v1/symbols/MAIN.structExample HTTP/1.1" from [::1]:59943 - 200 98B in 46.916µs
2025/12/16 13:23:57 [patrikpatocskai-MacBook-Air/1cXoybCQsF-000150] "GET http://localhost:8080/api/v1/symbols/MAIN.i/value HTTP/1.1" from [::1]:59944 - 200 65B in 5.587916ms
2025/12/16 13:23:57 [patrikpatocskai-MacBook-Air/1cXoybCQsF-000151] "GET http://localhost:8080/api/v1/symbols/MAIN.uUint/value HTTP/1.1" from [::1]:59945 - 200 68B in 6.982666ms
2025/12/16 13:23:57 [patrikpatocskai-MacBook-Air/1cXoybCQsF-000152] "GET http://localhost:8080/api/v1/symbols/MAIN.structExample/value HTTP/1.1" from [::1]:59946 - 200 132B in 5.449542ms
2025/12/16 13:23:57 [patrikpatocskai-MacBook-Air/1cXoybCQsF-000153] "GET http://localhost:8080/api/v1/symbols/MAIN.structExample2/value HTTP/1.1" from [::1]:59947 - 200 163B in 6.534791ms
2025/12/16 13:23:57 [patrikpatocskai-MacBook-Air/1cXoybCQsF-000154] "POST http://localhost:8080/api/v1/symbols/read HTTP/1.1" from [::1]:59948 - 200 89B in 25.018542ms
2025/12/16 13:23:58 [patrikpatocskai-MacBook-Air/1cXoybCQsF-000155] "POST http://localhost:8080/api/v1/symbols/read HTTP/1.1" from [::1]:59949 - 200 173B in 13.066459ms
2025/12/16 13:23:58 [patrikpatocskai-MacBook-Air/1cXoybCQsF-000156] "GET http://localhost:8080/api/v1/structs/MAIN.structExample HTTP/1.1" from [::1]:59950 - 200 132B in 6.200208ms
2025/12/16 13:23:58 [patrikpatocskai-MacBook-Air/1cXoybCQsF-000157] "GET http://localhost:8080/api/v1/structs/MAIN.structExample2 HTTP/1.1" from [::1]:59951 - 200 163B in 5.474333ms
2025/12/16 13:23:58 [patrikpatocskai-MacBook-Air/1cXoybCQsF-000158] "GET http://localhost:8080/api/v1/symbols/MAIN.iInt/value HTTP/1.1" from [::1]:59952 - 200 63B in 5.704167ms
2025/12/16 13:23:58 [patrikpatocskai-MacBook-Air/1cXoybCQsF-000159] "POST http://localhost:8080/api/v1/structs/MAIN.structExample/fields HTTP/1.1" from [::1]:59953 - 200 36B in 19.762958ms
2025/12/16 13:23:58 [patrikpatocskai-MacBook-Air/1cXoybCQsF-000160] "GET http://localhost:8080/api/v1/symbols/MAIN.structExample/value HTTP/1.1" from [::1]:59955 - 200 132B in 6.079625ms
2025/12/16 13:23:58 [patrikpatocskai-MacBook-Air/1cXoybCQsF-000161] "POST http://localhost:8080/api/v1/structs/MAIN.structExample2/fields HTTP/1.1" from [::1]:59956 - 200 36B in 12.455792ms
2025/12/16 13:23:59 [patrikpatocskai-MacBook-Air/1cXoybCQsF-000162] "GET http://localhost:8080/api/v1/symbols/MAIN.structExample2/value HTTP/1.1" from [::1]:59957 - 200 163B in 5.983708ms
2025/12/16 13:23:59 [patrikpatocskai-MacBook-Air/1cXoybCQsF-000163] "POST http://localhost:8080/api/v1/symbols/write HTTP/1.1" from [::1]:59958 - 200 319B in 129.5µs
2025/12/16 13:23:59 [patrikpatocskai-MacBook-Air/1cXoybCQsF-000164] "POST http://localhost:8080/api/v1/symbols/read HTTP/1.1" from [::1]:59959 - 200 60B in 19.295708ms
2025/12/16 13:23:59 [patrikpatocskai-MacBook-Air/1cXoybCQsF-000165] "GET http://localhost:8080/api/v1/state HTTP/1.1" from [::1]:59960 - 200 71B in 5.889083ms
2025/12/16 13:23:59 [patrikpatocskai-MacBook-Air/1cXoybCQsF-000166] "POST http://localhost:8080/api/v1/control HTTP/1.1" from [::1]:59961 - 200 34B in 6.316792ms
2025/12/16 13:24:00 [patrikpatocskai-MacBook-Air/1cXoybCQsF-000167] "GET http://localhost:8080/api/v1/state HTTP/1.1" from [::1]:59962 - 200 72B in 13.26ms
2025/12/16 13:24:00 [patrikpatocskai-MacBook-Air/1cXoybCQsF-000168] "POST http://localhost:8080/api/v1/control HTTP/1.1" from [::1]:59963 - 200 35B in 6.228709ms
2025/12/16 13:24:02 [patrikpatocskai-MacBook-Air/1cXoybCQsF-000169] "GET http://localhost:8080/api/v1/state HTTP/1.1" from [::1]:59964 - 200 71B in 6.315791ms
2025/12/16 13:24:02 [patrikpatocskai-MacBook-Air/1cXoybCQsF-000170] "POST http://localhost:8080/api/v1/control HTTP/1.1" from [::1]:59965 - 500 105B in 45.125µs
2025/12/16 13:24:02 [patrikpatocskai-MacBook-Air/1cXoybCQsF-000171] "GET http://localhost:8080/api/v1/symbols/MAIN.DOES_NOT_EXIST/value HTTP/1.1" from [::1]:59966 - 404 117B in 58.167µs
2025/12/16 13:24:02 [patrikpatocskai-MacBook-Air/1cXoybCQsF-000172] "POST http://localhost:8080/api/v1/symbols/MAIN.i/value HTTP/1.1" from [::1]:59967 - 400 67B in 33.875µs
2025/12/16 13:24:02 [patrikpatocskai-MacBook-Air/1cXoybCQsF-000173] "POST http://localhost:8080/api/v1/symbols/read HTTP/1.1" from [::1]:59968 - 400 130B in 109.292µs
2025/12/16 13:24:02 [patrikpatocskai-MacBook-Air/1cXoybCQsF-000174] "GET http://localhost:8080/api/v1/symbols/MAIN.structExample2/value HTTP/1.1" from [::1]:59969 - 200 163B in 5.888375ms
2025/12/16 13:24:02 [patrikpatocskai-MacBook-Air/1cXoybCQsF-000175] "POST http://localhost:8080/api/v1/structs/MAIN.structExample2/fields HTTP/1.1" from [::1]:59970 - 200 36B in 11.594791ms
2025/12/16 13:24:02 [patrikpatocskai-MacBook-Air/1cXoybCQsF-000176] "GET http://localhost:8080/api/v1/symbols/MAIN.structExample2/value HTTP/1.1" from [::1]:59971 - 200 163B in 11.356708ms
2025/12/16 13:24:02 [patrikpatocskai-MacBook-Air/1cXoybCQsF-000177] "GET http://localhost:8080/swagger-ui/doc.json HTTP/1.1" from [::1]:59972 - 200 28066B in 1.553125ms
2025/12/16 13:24:02 [patrikpatocskai-MacBook-Air/1cXoybCQsF-000178] "GET http://localhost:8080/swagger-ui/index.html HTTP/1.1" from [::1]:59973 - 200 3408B in 357.208µs
2025/12/16 13:26:44 [patrikpatocskai-MacBook-Air/1cXoybCQsF-000179] "GET http://localhost:8080/api/v1/health HTTP/1.1" from [::1]:60011 - 200 80B in 1.695333ms
2025/12/16 13:26:44 [patrikpatocskai-MacBook-Air/1cXoybCQsF-000180] "GET http://localhost:8080/api/v1/info HTTP/1.1" from [::1]:60012 - 200 175B in 42.959µs
2025/12/16 13:26:44 [patrikpatocskai-MacBook-Air/1cXoybCQsF-000181] "GET http://localhost:8080/api/v1/version HTTP/1.1" from [::1]:60013 - 500 124B in 319.042µs
2025/12/16 13:26:44 [patrikpatocskai-MacBook-Air/1cXoybCQsF-000182] "GET http://localhost:8080/api/v1/state HTTP/1.1" from [::1]:60014 - 500 153B in 56.875µs
2025/12/16 13:26:44 [patrikpatocskai-MacBook-Air/1cXoybCQsF-000183] "GET http://localhost:8080/api/v1/symbols HTTP/1.1" from [::1]:60015 - 200 2563B in 102.166µs
2025/12/16 13:26:44 [patrikpatocskai-MacBook-Air/1cXoybCQsF-000184] "GET http://localhost:8080/api/v1/symbols/MAIN.structExample HTTP/1.1" from [::1]:60016 - 200 98B in 38.041µs
2025/12/16 13:26:44 [patrikpatocskai-MacBook-Air/1cXoybCQsF-000185] "GET http://localhost:8080/api/v1/symbols/MAIN.i/value HTTP/1.1" from [::1]:60017 - 404 104B in 152.542µs
2025/12/16 13:26:44 [patrikpatocskai-MacBook-Air/1cXoybCQsF-000186] "GET http://localhost:8080/api/v1/symbols/MAIN.uUint/value HTTP/1.1" from [::1]:60018 - 404 108B in 59.959µs
2025/12/16 13:26:44 [patrikpatocskai-MacBook-Air/1cXoybCQsF-000187] "GET http://localhost:8080/api/v1/symbols/MAIN.structExample/value HTTP/1.1" from [::1]:60019 - 404 116B in 41µs
2025/12/16 13:26:45 [patrikpatocskai-MacBook-Air/1cXoybCQsF-000188] "GET http://localhost:8080/api/v1/symbols/MAIN.structExample2/value HTTP/1.1" from [::1]:60020 - 404 117B in 44.083µs
2025/12/16 13:26:45 [patrikpatocskai-MacBook-Air/1cXoybCQsF-000189] "POST http://localhost:8080/api/v1/symbols/read HTTP/1.1" from [::1]:60021 - 200 634B in 99.333µs
2025/12/16 13:26:45 [patrikpatocskai-MacBook-Air/1cXoybCQsF-000190] "POST http://localhost:8080/api/v1/symbols/read HTTP/1.1" from [::1]:60022 - 200 436B in 79.042µs
2025/12/16 13:26:45 [patrikpatocskai-MacBook-Air/1cXoybCQsF-000191] "GET http://localhost:8080/api/v1/structs/MAIN.structExample HTTP/1.1" from [::1]:60024 - 404 116B in 89.125µs
2025/12/16 13:26:45 [patrikpatocskai-MacBook-Air/1cXoybCQsF-000192] "GET http://localhost:8080/api/v1/structs/MAIN.structExample2 HTTP/1.1" from [::1]:60025 - 404 117B in 41.709µs
2025/12/16 13:26:45 [patrikpatocskai-MacBook-Air/1cXoybCQsF-000193] "GET http://localhost:8080/api/v1/symbols/MAIN.iInt/value HTTP/1.1" from [::1]:60026 - 404 107B in 43.75µs
2025/12/16 13:26:45 [patrikpatocskai-MacBook-Air/1cXoybCQsF-000194] "POST http://localhost:8080/api/v1/structs/MAIN.structExample/fields HTTP/1.1" from [::1]:60027 - 500 309B in 95.375µs
2025/12/16 13:26:45 [patrikpatocskai-MacBook-Air/1cXoybCQsF-000195] "GET http://localhost:8080/api/v1/symbols/MAIN.structExample/value HTTP/1.1" from [::1]:60028 - 404 116B in 89.792µs
2025/12/16 13:26:45 [patrikpatocskai-MacBook-Air/1cXoybCQsF-000196] "POST http://localhost:8080/api/v1/structs/MAIN.structExample2/fields HTTP/1.1" from [::1]:60029 - 500 311B in 1.079708ms
2025/12/16 13:26:45 [patrikpatocskai-MacBook-Air/1cXoybCQsF-000197] "POST http://localhost:8080/api/v1/symbols/write HTTP/1.1" from [::1]:60030 - 200 319B in 90.333µs
2025/12/16 13:26:46 [patrikpatocskai-MacBook-Air/1cXoybCQsF-000198] "POST http://localhost:8080/api/v1/symbols/read HTTP/1.1" from [::1]:60031 - 200 335B in 135.958µs
2025/12/16 13:26:46 [patrikpatocskai-MacBook-Air/1cXoybCQsF-000199] "GET http://localhost:8080/api/v1/state HTTP/1.1" from [::1]:60032 - 500 153B in 41.625µs
2025/12/16 13:26:46 [patrikpatocskai-MacBook-Air/1cXoybCQsF-000200] "POST http://localhost:8080/api/v1/control HTTP/1.1" from [::1]:60033 - 500 105B in 44.167µs
2025/12/16 13:26:46 [patrikpatocskai-MacBook-Air/1cXoybCQsF-000201] "GET http://localhost:8080/api/v1/symbols/MAIN.DOES_NOT_EXIST/value HTTP/1.1" from [::1]:60034 - 404 117B in 40.25µs
2025/12/16 13:26:46 [patrikpatocskai-MacBook-Air/1cXoybCQsF-000202] "POST http://localhost:8080/api/v1/symbols/MAIN.i/value HTTP/1.1" from [::1]:60035 - 400 67B in 33.709µs
2025/12/16 13:26:46 [patrikpatocskai-MacBook-Air/1cXoybCQsF-000203] "POST http://localhost:8080/api/v1/symbols/read HTTP/1.1" from [::1]:60036 - 400 130B in 313.75µs
2025/12/16 13:26:46 [patrikpatocskai-MacBook-Air/1cXoybCQsF-000204] "GET http://localhost:8080/api/v1/symbols/MAIN.structExample2/value HTTP/1.1" from [::1]:60037 - 404 117B in 43.417µs
2025/12/16 13:26:46 [patrikpatocskai-MacBook-Air/1cXoybCQsF-000205] "POST http://localhost:8080/api/v1/structs/MAIN.structExample2/fields HTTP/1.1" from [::1]:60038 - 500 311B in 87µs
2025/12/16 13:26:46 [patrikpatocskai-MacBook-Air/1cXoybCQsF-000206] "GET http://localhost:8080/swagger-ui/doc.json HTTP/1.1" from [::1]:60039 - 200 28066B in 556.791µs
2025/12/16 13:26:46 [patrikpatocskai-MacBook-Air/1cXoybCQsF-000207] "GET http://localhost:8080/swagger-ui/index.html HTTP/1.1" from [::1]:60040 - 200 3408B in 115.208µs
2025/12/16 13:26:57 [patrikpatocskai-MacBook-Air/1cXoybCQsF-000208] "GET http://localhost:8080/api/v1/health HTTP/1.1" from [::1]:60042 - 200 80B in 96.625µs
2025/12/16 13:26:57 [patrikpatocskai-MacBook-Air/1cXoybCQsF-000209] "GET http://localhost:8080/api/v1/info HTTP/1.1" from [::1]:60043 - 200 176B in 45µs
2025/12/16 13:26:57 [patrikpatocskai-MacBook-Air/1cXoybCQsF-000210] "GET http://localhost:8080/api/v1/version HTTP/1.1" from [::1]:60044 - 500 124B in 357.125µs
2025/12/16 13:26:57 [patrikpatocskai-MacBook-Air/1cXoybCQsF-000211] "GET http://localhost:8080/api/v1/state HTTP/1.1" from [::1]:60045 - 500 153B in 2.119708ms
2025/12/16 13:26:57 [patrikpatocskai-MacBook-Air/1cXoybCQsF-000212] "GET http://localhost:8080/api/v1/symbols HTTP/1.1" from [::1]:60047 - 200 2563B in 100.708µs
2025/12/16 13:26:57 [patrikpatocskai-MacBook-Air/1cXoybCQsF-000213] "GET http://localhost:8080/api/v1/symbols/MAIN.structExample HTTP/1.1" from [::1]:60048 - 200 98B in 30.917µs
2025/12/16 13:26:57 [patrikpatocskai-MacBook-Air/1cXoybCQsF-000214] "GET http://localhost:8080/api/v1/symbols/MAIN.i/value HTTP/1.1" from [::1]:60049 - 404 104B in 56.542µs
2025/12/16 13:26:57 [patrikpatocskai-MacBook-Air/1cXoybCQsF-000215] "GET http://localhost:8080/api/v1/symbols/MAIN.uUint/value HTTP/1.1" from [::1]:60050 - 404 108B in 61.75µs
2025/12/16 13:26:57 [patrikpatocskai-MacBook-Air/1cXoybCQsF-000216] "GET http://localhost:8080/api/v1/symbols/MAIN.structExample/value HTTP/1.1" from [::1]:60051 - 404 116B in 43.375µs
2025/12/16 13:26:57 [patrikpatocskai-MacBook-Air/1cXoybCQsF-000217] "GET http://localhost:8080/api/v1/symbols/MAIN.structExample2/value HTTP/1.1" from [::1]:60052 - 404 117B in 40.125µs
2025/12/16 13:26:57 [patrikpatocskai-MacBook-Air/1cXoybCQsF-000218] "POST http://localhost:8080/api/v1/symbols/read HTTP/1.1" from [::1]:60053 - 200 634B in 88.917µs
2025/12/16 13:26:57 [patrikpatocskai-MacBook-Air/1cXoybCQsF-000219] "POST http://localhost:8080/api/v1/symbols/read HTTP/1.1" from [::1]:60054 - 200 436B in 91.167µs
2025/12/16 13:26:57 [patrikpatocskai-MacBook-Air/1cXoybCQsF-000220] "GET http://localhost:8080/api/v1/structs/MAIN.structExample HTTP/1.1" from [::1]:60055 - 404 116B in 44.458µs
2025/12/16 13:26:57 [patrikpatocskai-MacBook-Air/1cXoybCQsF-000221] "GET http://localhost:8080/api/v1/structs/MAIN.structExample2 HTTP/1.1" from [::1]:60056 - 404 117B in 45µs
2025/12/16 13:26:57 [patrikpatocskai-MacBook-Air/1cXoybCQsF-000222] "GET http://localhost:8080/api/v1/symbols/MAIN.iInt/value HTTP/1.1" from [::1]:60057 - 404 107B in 42.708µs
2025/12/16 13:26:57 [patrikpatocskai-MacBook-Air/1cXoybCQsF-000223] "POST http://localhost:8080/api/v1/structs/MAIN.structExample/fields HTTP/1.1" from [::1]:60058 - 500 309B in 97.708µs
2025/12/16 13:26:58 [patrikpatocskai-MacBook-Air/1cXoybCQsF-000224] "GET http://localhost:8080/api/v1/symbols/MAIN.structExample/value HTTP/1.1" from [::1]:60059 - 404 116B in 93.041µs
2025/12/16 13:26:58 [patrikpatocskai-MacBook-Air/1cXoybCQsF-000225] "POST http://localhost:8080/api/v1/structs/MAIN.structExample2/fields HTTP/1.1" from [::1]:60060 - 500 311B in 113.083µs
2025/12/16 13:26:58 [patrikpatocskai-MacBook-Air/1cXoybCQsF-000226] "POST http://localhost:8080/api/v1/symbols/write HTTP/1.1" from [::1]:60061 - 200 319B in 1.062167ms
2025/12/16 13:26:58 [patrikpatocskai-MacBook-Air/1cXoybCQsF-000227] "POST http://localhost:8080/api/v1/symbols/read HTTP/1.1" from [::1]:60062 - 200 335B in 142.625µs
2025/12/16 13:26:58 [patrikpatocskai-MacBook-Air/1cXoybCQsF-000228] "GET http://localhost:8080/api/v1/state HTTP/1.1" from [::1]:60063 - 500 153B in 71.709µs
2025/12/16 13:26:58 [patrikpatocskai-MacBook-Air/1cXoybCQsF-000229] "POST http://localhost:8080/api/v1/control HTTP/1.1" from [::1]:60064 - 500 105B in 43.166µs
2025/12/16 13:26:58 [patrikpatocskai-MacBook-Air/1cXoybCQsF-000230] "GET http://localhost:8080/api/v1/symbols/MAIN.DOES_NOT_EXIST/value HTTP/1.1" from [::1]:60065 - 404 117B in 34.833µs
2025/12/16 13:26:59 [patrikpatocskai-MacBook-Air/1cXoybCQsF-000231] "POST http://localhost:8080/api/v1/symbols/MAIN.i/value HTTP/1.1" from [::1]:60066 - 400 67B in 28µs
2025/12/16 13:26:59 [patrikpatocskai-MacBook-Air/1cXoybCQsF-000232] "POST http://localhost:8080/api/v1/symbols/read HTTP/1.1" from [::1]:60067 - 400 130B in 77.667µs
2025/12/16 13:26:59 [patrikpatocskai-MacBook-Air/1cXoybCQsF-000233] "GET http://localhost:8080/api/v1/symbols/MAIN.structExample2/value HTTP/1.1" from [::1]:60068 - 404 117B in 41.959µs
2025/12/16 13:26:59 [patrikpatocskai-MacBook-Air/1cXoybCQsF-000234] "POST http://localhost:8080/api/v1/structs/MAIN.structExample2/fields HTTP/1.1" from [::1]:60069 - 500 311B in 103.209µs
2025/12/16 13:26:59 [patrikpatocskai-MacBook-Air/1cXoybCQsF-000235] "GET http://localhost:8080/swagger-ui/doc.json HTTP/1.1" from [::1]:60070 - 200 28066B in 527.25µs
2025/12/16 13:26:59 [patrikpatocskai-MacBook-Air/1cXoybCQsF-000236] "GET http://localhost:8080/swagger-ui/index.html HTTP/1.1" from [::1]:60071 - 200 3408B in 102.166µs
2025/12/16 13:27:58 [patrikpatocskai-MacBook-Air/1cXoybCQsF-000237] "GET http://localhost:8080/api/v1/symbols HTTP/1.1" from [::1]:60087 - 200 2563B in 5.446417ms
2025/12/16 13:29:12 [patrikpatocskai-MacBook-Air/1cXoybCQsF-000238] "GET http://localhost:8080/api/v1/health HTTP/1.1" from [::1]:60110 - 200 80B in 949.708µs
2025/12/16 13:29:12 [patrikpatocskai-MacBook-Air/1cXoybCQsF-000239] "GET http://localhost:8080/api/v1/info HTTP/1.1" from [::1]:60111 - 200 177B in 1.044209ms
2025/12/16 13:29:12 [patrikpatocskai-MacBook-Air/1cXoybCQsF-000240] "GET http://localhost:8080/api/v1/version HTTP/1.1" from [::1]:60112 - 500 124B in 489.583µs
2025/12/16 13:29:12 [patrikpatocskai-MacBook-Air/1cXoybCQsF-000241] "GET http://localhost:8080/api/v1/state HTTP/1.1" from [::1]:60113 - 500 153B in 73.542µs
2025/12/16 13:29:12 [patrikpatocskai-MacBook-Air/1cXoybCQsF-000242] "GET http://localhost:8080/api/v1/symbols HTTP/1.1" from [::1]:60114 - 200 2563B in 2.536417ms
2025/12/16 13:29:12 [patrikpatocskai-MacBook-Air/1cXoybCQsF-000243] "GET http://localhost:8080/api/v1/symbols/MAIN.structExample HTTP/1.1" from [::1]:60115 - 200 98B in 35.542µs
2025/12/16 13:29:12 [patrikpatocskai-MacBook-Air/1cXoybCQsF-000244] "GET http://localhost:8080/api/v1/symbols/MAIN.i/value HTTP/1.1" from [::1]:60116 - 404 104B in 225.458µs
2025/12/16 13:29:12 [patrikpatocskai-MacBook-Air/1cXoybCQsF-000245] "GET http://localhost:8080/api/v1/symbols/MAIN.uUint/value HTTP/1.1" from [::1]:60117 - 404 108B in 45.667µs
2025/12/16 13:29:12 [patrikpatocskai-MacBook-Air/1cXoybCQsF-000246] "GET http://localhost:8080/api/v1/symbols/MAIN.structExample/value HTTP/1.1" from [::1]:60118 - 404 116B in 48.417µs
2025/12/16 13:29:12 [patrikpatocskai-MacBook-Air/1cXoybCQsF-000247] "GET http://localhost:8080/api/v1/symbols/MAIN.structExample2/value HTTP/1.1" from [::1]:60119 - 404 117B in 45.542µs
2025/12/16 13:29:12 [patrikpatocskai-MacBook-Air/1cXoybCQsF-000248] "POST http://localhost:8080/api/v1/symbols/read HTTP/1.1" from [::1]:60120 - 200 634B in 322.958µs
2025/12/16 13:29:12 [patrikpatocskai-MacBook-Air/1cXoybCQsF-000249] "POST http://localhost:8080/api/v1/symbols/read HTTP/1.1" from [::1]:60121 - 200 436B in 78.209µs
2025/12/16 13:29:12 [patrikpatocskai-MacBook-Air/1cXoybCQsF-000250] "GET http://localhost:8080/api/v1/structs/MAIN.structExample HTTP/1.1" from [::1]:60122 - 404 116B in 51.333µs
2025/12/16 13:29:12 [patrikpatocskai-MacBook-Air/1cXoybCQsF-000251] "GET http://localhost:8080/api/v1/structs/MAIN.structExample2 HTTP/1.1" from [::1]:60123 - 404 117B in 44.75µs
2025/12/16 13:29:12 [patrikpatocskai-MacBook-Air/1cXoybCQsF-000252] "GET http://localhost:8080/api/v1/symbols/MAIN.iInt/value HTTP/1.1" from [::1]:60124 - 404 107B in 48.334µs
2025/12/16 13:29:12 [patrikpatocskai-MacBook-Air/1cXoybCQsF-000253] "POST http://localhost:8080/api/v1/structs/MAIN.structExample/fields HTTP/1.1" from [::1]:60125 - 500 309B in 870.042µs
2025/12/16 13:29:13 [patrikpatocskai-MacBook-Air/1cXoybCQsF-000254] "GET http://localhost:8080/api/v1/symbols/MAIN.structExample/value HTTP/1.1" from [::1]:60126 - 404 116B in 70.625µs
2025/12/16 13:29:13 [patrikpatocskai-MacBook-Air/1cXoybCQsF-000255] "POST http://localhost:8080/api/v1/structs/MAIN.structExample2/fields HTTP/1.1" from [::1]:60127 - 500 311B in 78.875µs
2025/12/16 13:29:13 [patrikpatocskai-MacBook-Air/1cXoybCQsF-000256] "POST http://localhost:8080/api/v1/symbols/write HTTP/1.1" from [::1]:60128 - 200 319B in 344.292µs
2025/12/16 13:29:14 [patrikpatocskai-MacBook-Air/1cXoybCQsF-000257] "POST http://localhost:8080/api/v1/symbols/read HTTP/1.1" from [::1]:60129 - 200 335B in 878.167µs
2025/12/16 13:29:14 [patrikpatocskai-MacBook-Air/1cXoybCQsF-000258] "GET http://localhost:8080/api/v1/state HTTP/1.1" from [::1]:60130 - 500 153B in 44.25µs
2025/12/16 13:29:14 [patrikpatocskai-MacBook-Air/1cXoybCQsF-000259] "POST http://localhost:8080/api/v1/control HTTP/1.1" from [::1]:60131 - 500 105B in 159.958µs
2025/12/16 13:29:14 [patrikpatocskai-MacBook-Air/1cXoybCQsF-000260] "GET http://localhost:8080/api/v1/symbols/MAIN.DOES_NOT_EXIST/value HTTP/1.1" from [::1]:60132 - 404 117B in 49.708µs
2025/12/16 13:29:14 [patrikpatocskai-MacBook-Air/1cXoybCQsF-000261] "POST http://localhost:8080/api/v1/symbols/MAIN.i/value HTTP/1.1" from [::1]:60133 - 400 67B in 319.25µs
2025/12/16 13:29:14 [patrikpatocskai-MacBook-Air/1cXoybCQsF-000262] "POST http://localhost:8080/api/v1/symbols/read HTTP/1.1" from [::1]:60134 - 400 130B in 174.083µs
2025/12/16 13:29:14 [patrikpatocskai-MacBook-Air/1cXoybCQsF-000263] "GET http://localhost:8080/api/v1/symbols/MAIN.structExample2/value HTTP/1.1" from [::1]:60135 - 404 117B in 49.5µs
2025/12/16 13:29:14 [patrikpatocskai-MacBook-Air/1cXoybCQsF-000264] "POST http://localhost:8080/api/v1/structs/MAIN.structExample2/fields HTTP/1.1" from [::1]:60136 - 500 311B in 114.833µs
2025/12/16 13:29:14 [patrikpatocskai-MacBook-Air/1cXoybCQsF-000265] "GET http://localhost:8080/swagger-ui/doc.json HTTP/1.1" from [::1]:60137 - 200 28066B in 3.352041ms
2025/12/16 13:29:14 [patrikpatocskai-MacBook-Air/1cXoybCQsF-000266] "GET http://localhost:8080/swagger-ui/index.html HTTP/1.1" from [::1]:60138 - 200 3408B in 971.917µs
2025/12/16 13:29:29 [patrikpatocskai-MacBook-Air/1cXoybCQsF-000267] "GET http://localhost:8080/api/v1/info HTTP/1.1" from [::1]:60147 - 200 177B in 115.417µs
2025/12/16 13:29:35 [patrikpatocskai-MacBook-Air/1cXoybCQsF-000268] "GET http://localhost:8080/api/v1/symbols HTTP/1.1" from [::1]:60152 - 200 2563B in 231.459µs
